08:46:35 **** Incremental Build of configuration Debug for project UART_DMA_407(telnet onoff LED) ****
make -j12 all 
arm-none-eabi-gcc "../Core/Src/main.c" -mcpu=cortex-m4 -std=gnu11 -g3 -DDEBUG -DUSE_HAL_DRIVER -DSTM32F407xx -c -I../Core/Inc -I../Drivers/STM32F4xx_HAL_Driver/Inc -I../Drivers/STM32F4xx_HAL_Driver/Inc/Legacy -I../Drivers/CMSIS/Device/ST/STM32F4xx/Include -I../Drivers/CMSIS/Include -O0 -ffunction-sections -fdata-sections -Wall -fstack-usage -MMD -MP -MF"Core/Src/main.d" -MT"Core/Src/main.o" --specs=nano.specs -mfpu=fpv4-sp-d16 -mfloat-abi=hard -mthumb -o "Core/Src/main.o"
../Core/Src/main.c:96:18: warning: pointer targets in initialization of 'uint8_t *' {aka 'unsigned char *'} from 'char *' differ in signedness [-Wpointer-sign]
   96 | uint8_t *user[]={"admin", "adam1","user1","test1"};
      |                  ^~~~~~~
../Core/Src/main.c:96:18: note: (near initialization for 'user[0]')
../Core/Src/main.c:96:27: warning: pointer targets in initialization of 'uint8_t *' {aka 'unsigned char *'} from 'char *' differ in signedness [-Wpointer-sign]
   96 | uint8_t *user[]={"admin", "adam1","user1","test1"};
      |                           ^~~~~~~
../Core/Src/main.c:96:27: note: (near initialization for 'user[1]')
../Core/Src/main.c:96:35: warning: pointer targets in initialization of 'uint8_t *' {aka 'unsigned char *'} from 'char *' differ in signedness [-Wpointer-sign]
   96 | uint8_t *user[]={"admin", "adam1","user1","test1"};
      |                                   ^~~~~~~
../Core/Src/main.c:96:35: note: (near initialization for 'user[2]')
../Core/Src/main.c:96:43: warning: pointer targets in initialization of 'uint8_t *' {aka 'unsigned char *'} from 'char *' differ in signedness [-Wpointer-sign]
   96 | uint8_t *user[]={"admin", "adam1","user1","test1"};
      |                                           ^~~~~~~
../Core/Src/main.c:96:43: note: (near initialization for 'user[3]')
../Core/Src/main.c:97:18: warning: pointer targets in initialization of 'uint8_t *' {aka 'unsigned char *'} from 'char *' differ in signedness [-Wpointer-sign]
   97 | uint8_t *pass[]={"12345","54321","USER1","TEST1"};
      |                  ^~~~~~~
../Core/Src/main.c:97:18: note: (near initialization for 'pass[0]')
../Core/Src/main.c:97:26: warning: pointer targets in initialization of 'uint8_t *' {aka 'unsigned char *'} from 'char *' differ in signedness [-Wpointer-sign]
   97 | uint8_t *pass[]={"12345","54321","USER1","TEST1"};
      |                          ^~~~~~~
../Core/Src/main.c:97:26: note: (near initialization for 'pass[1]')
../Core/Src/main.c:97:34: warning: pointer targets in initialization of 'uint8_t *' {aka 'unsigned char *'} from 'char *' differ in signedness [-Wpointer-sign]
   97 | uint8_t *pass[]={"12345","54321","USER1","TEST1"};
      |                                  ^~~~~~~
../Core/Src/main.c:97:34: note: (near initialization for 'pass[2]')
../Core/Src/main.c:97:42: warning: pointer targets in initialization of 'uint8_t *' {aka 'unsigned char *'} from 'char *' differ in signedness [-Wpointer-sign]
   97 | uint8_t *pass[]={"12345","54321","USER1","TEST1"};
      |                                          ^~~~~~~
../Core/Src/main.c:97:42: note: (near initialization for 'pass[3]')
../Core/Src/main.c: In function 'HAL_UART_RxCpltCallback':
../Core/Src/main.c:374:12: warning: pointer targets in passing argument 1 of 'sprintf' differ in signedness [-Wpointer-sign]
  374 |    sprintf(erase," \b");
      |            ^~~~~
      |            |
      |            uint8_t * {aka unsigned char *}
In file included from ../Core/Src/main.c:22:
c:\st\stm32cubeide_1.7.0\stm32cubeide\plugins\com.st.stm32cube.ide.mcu.externaltools.gnu-tools-for-stm32.9-2020-q2-update.win32_2.0.0.202105311346\tools\arm-none-eabi\include\stdio.h:244:14: note: expected 'char * restrict' but argument is of type 'uint8_t *' {aka 'unsigned char *'}
  244 | int sprintf (char *__restrict, const char *__restrict, ...)
      |              ^
../Core/Src/main.c:404:16: warning: pointer targets in passing argument 1 of 'strlen' differ in signedness [-Wpointer-sign]
  404 |      if(strlen(input)>8)
      |                ^~~~~
      |                |
      |                uint8_t * {aka unsigned char *}
In file included from ../Core/Src/main.c:25:
c:\st\stm32cubeide_1.7.0\stm32cubeide\plugins\com.st.stm32cube.ide.mcu.externaltools.gnu-tools-for-stm32.9-2020-q2-update.win32_2.0.0.202105311346\tools\arm-none-eabi\include\string.h:41:17: note: expected 'const char *' but argument is of type 'uint8_t *' {aka 'unsigned char *'}
   41 | size_t  strlen (const char *);
      |                 ^~~~~~~~~~~~
../Core/Src/main.c:410:38: warning: pointer targets in passing argument 1 of 'strlen' differ in signedness [-Wpointer-sign]
  410 |       memcpy(input_user,input,strlen(input));
      |                                      ^~~~~
      |                                      |
      |                                      uint8_t * {aka unsigned char *}
In file included from ../Core/Src/main.c:25:
c:\st\stm32cubeide_1.7.0\stm32cubeide\plugins\com.st.stm32cube.ide.mcu.externaltools.gnu-tools-for-stm32.9-2020-q2-update.win32_2.0.0.202105311346\tools\arm-none-eabi\include\string.h:41:17: note: expected 'const char *' but argument is of type 'uint8_t *' {aka 'unsigned char *'}
   41 | size_t  strlen (const char *);
      |                 ^~~~~~~~~~~~
../Core/Src/main.c:425:16: warning: pointer targets in passing argument 1 of 'strlen' differ in signedness [-Wpointer-sign]
  425 |      if(strlen(input)>8)
      |                ^~~~~
      |                |
      |                uint8_t * {aka unsigned char *}
In file included from ../Core/Src/main.c:25:
c:\st\stm32cubeide_1.7.0\stm32cubeide\plugins\com.st.stm32cube.ide.mcu.externaltools.gnu-tools-for-stm32.9-2020-q2-update.win32_2.0.0.202105311346\tools\arm-none-eabi\include\string.h:41:17: note: expected 'const char *' but argument is of type 'uint8_t *' {aka 'unsigned char *'}
   41 | size_t  strlen (const char *);
      |                 ^~~~~~~~~~~~
../Core/Src/main.c:432:38: warning: pointer targets in passing argument 1 of 'strlen' differ in signedness [-Wpointer-sign]
  432 |       memcpy(input_pass,input,strlen(input));
      |                                      ^~~~~
      |                                      |
      |                                      uint8_t * {aka unsigned char *}
In file included from ../Core/Src/main.c:25:
c:\st\stm32cubeide_1.7.0\stm32cubeide\plugins\com.st.stm32cube.ide.mcu.externaltools.gnu-tools-for-stm32.9-2020-q2-update.win32_2.0.0.202105311346\tools\arm-none-eabi\include\string.h:41:17: note: expected 'const char *' but argument is of type 'uint8_t *' {aka 'unsigned char *'}
   41 | size_t  strlen (const char *);
      |                 ^~~~~~~~~~~~
../Core/Src/main.c:437:19: warning: pointer targets in passing argument 1 of 'strcmp' differ in signedness [-Wpointer-sign]
  437 |        if((strcmp(*(user+i),input_user)==0) && (strcmp(*(pass+i),input_pass)==0))
      |                   ^~~~~~~~~
      |                   |
      |                   uint8_t * {aka unsigned char *}
In file included from ../Core/Src/main.c:25:
c:\st\stm32cubeide_1.7.0\stm32cubeide\plugins\com.st.stm32cube.ide.mcu.externaltools.gnu-tools-for-stm32.9-2020-q2-update.win32_2.0.0.202105311346\tools\arm-none-eabi\include\string.h:36:14: note: expected 'const char *' but argument is of type 'uint8_t *' {aka 'unsigned char *'}
   36 | int  strcmp (const char *, const char *);
      |              ^~~~~~~~~~~~
../Core/Src/main.c:437:29: warning: pointer targets in passing argument 2 of 'strcmp' differ in signedness [-Wpointer-sign]
  437 |        if((strcmp(*(user+i),input_user)==0) && (strcmp(*(pass+i),input_pass)==0))
      |                             ^~~~~~~~~~
      |                             |
      |                             uint8_t * {aka unsigned char *}
In file included from ../Core/Src/main.c:25:
c:\st\stm32cubeide_1.7.0\stm32cubeide\plugins\com.st.stm32cube.ide.mcu.externaltools.gnu-tools-for-stm32.9-2020-q2-update.win32_2.0.0.202105311346\tools\arm-none-eabi\include\string.h:36:28: note: expected 'const char *' but argument is of type 'uint8_t *' {aka 'unsigned char *'}
   36 | int  strcmp (const char *, const char *);
      |                            ^~~~~~~~~~~~
../Core/Src/main.c:437:56: warning: pointer targets in passing argument 1 of 'strcmp' differ in signedness [-Wpointer-sign]
  437 |        if((strcmp(*(user+i),input_user)==0) && (strcmp(*(pass+i),input_pass)==0))
      |                                                        ^~~~~~~~~
      |                                                        |
      |                                                        uint8_t * {aka unsigned char *}
In file included from ../Core/Src/main.c:25:
c:\st\stm32cubeide_1.7.0\stm32cubeide\plugins\com.st.stm32cube.ide.mcu.externaltools.gnu-tools-for-stm32.9-2020-q2-update.win32_2.0.0.202105311346\tools\arm-none-eabi\include\string.h:36:14: note: expected 'const char *' but argument is of type 'uint8_t *' {aka 'unsigned char *'}
   36 | int  strcmp (const char *, const char *);
      |              ^~~~~~~~~~~~
../Core/Src/main.c:437:66: warning: pointer targets in passing argument 2 of 'strcmp' differ in signedness [-Wpointer-sign]
  437 |        if((strcmp(*(user+i),input_user)==0) && (strcmp(*(pass+i),input_pass)==0))
      |                                                                  ^~~~~~~~~~
      |                                                                  |
      |                                                                  uint8_t * {aka unsigned char *}
In file included from ../Core/Src/main.c:25:
c:\st\stm32cubeide_1.7.0\stm32cubeide\plugins\com.st.stm32cube.ide.mcu.externaltools.gnu-tools-for-stm32.9-2020-q2-update.win32_2.0.0.202105311346\tools\arm-none-eabi\include\string.h:36:28: note: expected 'const char *' but argument is of type 'uint8_t *' {aka 'unsigned char *'}
   36 | int  strcmp (const char *, const char *);
      |                            ^~~~~~~~~~~~
../Core/Src/main.c:473:16: warning: pointer targets in passing argument 1 of 'strcmp' differ in signedness [-Wpointer-sign]
  473 |      if(strcmp(input,"exit")==0 ||  strcmp(input,"Z")==0 )
      |                ^~~~~
      |                |
      |                uint8_t * {aka unsigned char *}
In file included from ../Core/Src/main.c:25:
c:\st\stm32cubeide_1.7.0\stm32cubeide\plugins\com.st.stm32cube.ide.mcu.externaltools.gnu-tools-for-stm32.9-2020-q2-update.win32_2.0.0.202105311346\tools\arm-none-eabi\include\string.h:36:14: note: expected 'const char *' but argument is of type 'uint8_t *' {aka 'unsigned char *'}
   36 | int  strcmp (const char *, const char *);
      |              ^~~~~~~~~~~~
../Core/Src/main.c:473:44: warning: pointer targets in passing argument 1 of 'strcmp' differ in signedness [-Wpointer-sign]
  473 |      if(strcmp(input,"exit")==0 ||  strcmp(input,"Z")==0 )
      |                                            ^~~~~
      |                                            |
      |                                            uint8_t * {aka unsigned char *}
In file included from ../Core/Src/main.c:25:
c:\st\stm32cubeide_1.7.0\stm32cubeide\plugins\com.st.stm32cube.ide.mcu.externaltools.gnu-tools-for-stm32.9-2020-q2-update.win32_2.0.0.202105311346\tools\arm-none-eabi\include\string.h:36:14: note: expected 'const char *' but argument is of type 'uint8_t *' {aka 'unsigned char *'}
   36 | int  strcmp (const char *, const char *);
      |              ^~~~~~~~~~~~
../Core/Src/main.c:482:17: warning: pointer targets in passing argument 1 of 'strcmp' differ in signedness [-Wpointer-sign]
  482 |       if(strcmp(input,"turn ON LED")==0)
      |                 ^~~~~
      |                 |
      |                 uint8_t * {aka unsigned char *}
In file included from ../Core/Src/main.c:25:
c:\st\stm32cubeide_1.7.0\stm32cubeide\plugins\com.st.stm32cube.ide.mcu.externaltools.gnu-tools-for-stm32.9-2020-q2-update.win32_2.0.0.202105311346\tools\arm-none-eabi\include\string.h:36:14: note: expected 'const char *' but argument is of type 'uint8_t *' {aka 'unsigned char *'}
   36 | int  strcmp (const char *, const char *);
      |              ^~~~~~~~~~~~
../Core/Src/main.c:488:22: warning: pointer targets in passing argument 1 of 'strcmp' differ in signedness [-Wpointer-sign]
  488 |       else if(strcmp(input,"turn OFF LED")==0)
      |                      ^~~~~
      |                      |
      |                      uint8_t * {aka unsigned char *}
In file included from ../Core/Src/main.c:25:
c:\st\stm32cubeide_1.7.0\stm32cubeide\plugins\com.st.stm32cube.ide.mcu.externaltools.gnu-tools-for-stm32.9-2020-q2-update.win32_2.0.0.202105311346\tools\arm-none-eabi\include\string.h:36:14: note: expected 'const char *' but argument is of type 'uint8_t *' {aka 'unsigned char *'}
   36 | int  strcmp (const char *, const char *);
      |              ^~~~~~~~~~~~
arm-none-eabi-gcc -o "UART_DMA_407(telnet onoff LED).elf" @"objects.list"   -mcpu=cortex-m4 -T"C:\Users\incads1917\STM32CubeIDE\workspace_1.7.0\UART_DMA_407\STM32F407VGTX_FLASH.ld" --specs=nosys.specs -Wl,-Map="UART_DMA_407(telnet onoff LED).map" -Wl,--gc-sections -static --specs=nano.specs -mfpu=fpv4-sp-d16 -mfloat-abi=hard -mthumb -Wl,--start-group -lc -lm -Wl,--end-group
Finished building target: UART_DMA_407(telnet onoff LED).elf
 
arm-none-eabi-size   UART_DMA_407(telnet\ onoff\ LED).elf 
arm-none-eabi-objdump -h -S  UART_DMA_407(telnet\ onoff\ LED).elf  > "UART_DMA_407(telnet onoff LED).list"
arm-none-eabi-objcopy  -O binary  UART_DMA_407(telnet\ onoff\ LED).elf  "UART_DMA_407(telnet onoff LED).bin"
c:/st/stm32cubeide_1.7.0/stm32cubeide/plugins/com.st.stm32cube.ide.mcu.externaltools.make.win32_2.0.0.202105311346/tools/bin/sh: syntax error: unexpected "("
make: *** [makefile:70: default.size.stdout] Error 2
make: *** Waiting for unfinished jobs....
c:/st/stm32cubeide_1.7.0/stm32cubeide/plugins/com.st.stm32cube.ide.mcu.externaltools.make.win32_2.0.0.202105311346/tools/bin/sh: syntax error: unexpected "("
make: *** [makefile:75: UART_DMA_407(telnet onoff LED).list] Error 2
c:/st/stm32cubeide_1.7.0/stm32cubeide/plugins/com.st.stm32cube.ide.mcu.externaltools.make.win32_2.0.0.202105311346/tools/bin/sh: syntax error: unexpected "("
make: *** [makefile:80: UART_DMA_407(telnet onoff LED).bin] Error 2
"make -j12 all" terminated with exit code 2. Build might be incomplete.

08:46:37 Build Failed. 4 errors, 21 warnings. (took 1s.140ms)

